Change Component Designator: Old Designator=C1 New Designator=C?
Change Component Designator: Old Designator=C2 New Designator=C?
Change Component Designator: Old Designator=C10 New Designator=C?
Change Component Designator: Old Designator=C24 New Designator=C?
Change Component Designator: Old Designator=C25 New Designator=C?
Change Component Designator: Old Designator=C26 New Designator=C?
Change Component Designator: Old Designator=C27 New Designator=C?
Change Component Designator: Old Designator=C28 New Designator=C?
Change Component Designator: Old Designator=C29 New Designator=C?
Change Component Designator: Old Designator=C30 New Designator=C?
Change Component Designator: Old Designator=C31 New Designator=C?
Change Component Designator: Old Designator=C32 New Designator=C?
Change Component Designator: Old Designator=CW1 New Designator=CW?
Change Component Designator: Old Designator=CW2 New Designator=CW?
Change Component Designator: Old Designator=JM1 New Designator=JM?
Change Component Designator: Old Designator=JM2 New Designator=JM?
Change Component Designator: Old Designator=JM3 New Designator=JM?
Change Component Designator: Old Designator=JM4 New Designator=JM?
Change Component Designator: Old Designator=LW1 New Designator=LW?
Change Component Designator: Old Designator=PJ New Designator=PJ?
Change Component Designator: Old Designator=R36 New Designator=R?
Change Component Designator: Old Designator=RVREG New Designator=RVREG?
Change Component Designator: Old Designator=U1 New Designator=U?
Change Component Designator: Old Designator=YW New Designator=YW?
