Change Component Designator: Old Designator=ADC1 New Designator=ADC?
Change Component Designator: Old Designator=CC5 New Designator=CC?
Change Component Designator: Old Designator=CC6 New Designator=CC?
Change Component Designator: Old Designator=CC7 New Designator=CC?
Change Component Designator: Old Designator=CC8 New Designator=CC?
Change Component Designator: Old Designator=CC9 New Designator=CC?
Change Component Designator: Old Designator=CC10 New Designator=CC?
Change Component Designator: Old Designator=CC11 New Designator=CC?
Change Component Designator: Old Designator=CC12 New Designator=CC?
Change Component Designator: Old Designator=CC13 New Designator=CC?
Change Component Designator: Old Designator=CC14 New Designator=CC?
Change Component Designator: Old Designator=CC15 New Designator=CC?
Change Component Designator: Old Designator=CC16 New Designator=CC?
Change Component Designator: Old Designator=CC17 New Designator=CC?
Change Component Designator: Old Designator=CC18 New Designator=CC?
Change Component Designator: Old Designator=CC19 New Designator=CC?
Change Component Designator: Old Designator=CC20 New Designator=CC?
Change Component Designator: Old Designator=CC21 New Designator=CC?
Change Component Designator: Old Designator=PEL New Designator=PEL?
Change Component Designator: Old Designator=Q1 New Designator=Q?
Change Component Designator: Old Designator=R1 New Designator=R?
Change Component Designator: Old Designator=R2 New Designator=R?
Change Component Designator: Old Designator=R4 New Designator=R?
Change Component Designator: Old Designator=R5 New Designator=R?
Change Component Designator: Old Designator=R7 New Designator=R?
Change Component Designator: Old Designator=R8 New Designator=R?
Change Component Designator: Old Designator=R10 New Designator=R?
Change Component Designator: Old Designator=R15 New Designator=R?
Change Component Designator: Old Designator=R16 New Designator=R?
Change Component Designator: Old Designator=R17 New Designator=R?
Change Component Designator: Old Designator=R18 New Designator=R?
Change Component Designator: Old Designator=R19 New Designator=R?
Change Component Designator: Old Designator=R21 New Designator=R?
Change Component Designator: Old Designator=R23 New Designator=R?
Change Component Designator: Old Designator=R25 New Designator=R?
Change Component Designator: Old Designator=R26 New Designator=R?
Change Component Designator: Old Designator=R28 New Designator=R?
Change Component Designator: Old Designator=R29 New Designator=R?
Change Component Designator: Old Designator=R31 New Designator=R?
Change Component Designator: Old Designator=R32 New Designator=R?
Change Component Designator: Old Designator=R37 New Designator=R?
Change Component Designator: Old Designator=RJ New Designator=RJ?
Change Component Designator: Old Designator=U2 New Designator=U?
