Change Component Designator: Old Designator=ADC? New Designator=ADC1
Change Component Designator: Old Designator=CC? New Designator=CC9
Change Component Designator: Old Designator=CC? New Designator=CC10
Change Component Designator: Old Designator=CC? New Designator=CC11
Change Component Designator: Old Designator=CC? New Designator=CC12
Change Component Designator: Old Designator=CC? New Designator=CC13
Change Component Designator: Old Designator=CC? New Designator=CC14
Change Component Designator: Old Designator=CC? New Designator=CC15
Change Component Designator: Old Designator=CC? New Designator=CC16
Change Component Designator: Old Designator=CC? New Designator=CC17
Change Component Designator: Old Designator=CC? New Designator=CC18
Change Component Designator: Old Designator=CC? New Designator=CC19
Change Component Designator: Old Designator=CC? New Designator=CC20
Change Component Designator: Old Designator=CC? New Designator=CC21
Change Component Designator: Old Designator=CC? New Designator=CC22
Change Component Designator: Old Designator=CC? New Designator=CC23
Change Component Designator: Old Designator=CC? New Designator=CC24
Change Component Designator: Old Designator=CC? New Designator=CC25
Change Component Designator: Old Designator=PEL? New Designator=PEL1
Change Component Designator: Old Designator=Q? New Designator=Q1
Change Component Designator: Old Designator=R? New Designator=R12
Change Component Designator: Old Designator=R? New Designator=R13
Change Component Designator: Old Designator=R? New Designator=R14
Change Component Designator: Old Designator=R? New Designator=R15
Change Component Designator: Old Designator=R? New Designator=R16
Change Component Designator: Old Designator=R? New Designator=R17
Change Component Designator: Old Designator=R? New Designator=R18
Change Component Designator: Old Designator=R? New Designator=R19
Change Component Designator: Old Designator=R? New Designator=R20
Change Component Designator: Old Designator=R? New Designator=R21
Change Component Designator: Old Designator=R? New Designator=R22
Change Component Designator: Old Designator=R? New Designator=R23
Change Component Designator: Old Designator=R? New Designator=R24
Change Component Designator: Old Designator=R? New Designator=R25
Change Component Designator: Old Designator=R? New Designator=R26
Change Component Designator: Old Designator=R? New Designator=R27
Change Component Designator: Old Designator=R? New Designator=R28
Change Component Designator: Old Designator=R? New Designator=R29
Change Component Designator: Old Designator=R? New Designator=R30
Change Component Designator: Old Designator=R? New Designator=R31
Change Component Designator: Old Designator=R? New Designator=R32
Change Component Designator: Old Designator=RJ? New Designator=RJ1
Change Component Designator: Old Designator=U? New Designator=U2
