Change Component Designator: Old Designator==Value? New Designator==Value1
Change Component Designator: Old Designator=CC? New Designator=CC1
Change Component Designator: Old Designator=CC? New Designator=CC2
Change Component Designator: Old Designator=CC? New Designator=CC3
Change Component Designator: Old Designator=CC? New Designator=CC4
Change Component Designator: Old Designator=CC? New Designator=CC5
Change Component Designator: Old Designator=CC? New Designator=CC6
Change Component Designator: Old Designator=CC? New Designator=CC7
Change Component Designator: Old Designator=CC? New Designator=CC8
Change Component Designator: Old Designator=CONN_BAT? New Designator=CONN_BAT1
Change Component Designator: Old Designator=CONN_P_S? New Designator=CONN_P_S1
Change Component Designator: Old Designator=CP? New Designator=CP1
Change Component Designator: Old Designator=L? New Designator=L1
Change Component Designator: Old Designator=L? New Designator=L2
Change Component Designator: Old Designator=P? New Designator=P1
Change Component Designator: Old Designator=PW? New Designator=PW1
Change Component Designator: Old Designator=PW? New Designator=PW2
Change Component Designator: Old Designator=R? New Designator=R1
Change Component Designator: Old Designator=R? New Designator=R2
Change Component Designator: Old Designator=R? New Designator=R3
Change Component Designator: Old Designator=R? New Designator=R4
Change Component Designator: Old Designator=R? New Designator=R5
Change Component Designator: Old Designator=R? New Designator=R6
Change Component Designator: Old Designator=R? New Designator=R7
Change Component Designator: Old Designator=R? New Designator=R8
Change Component Designator: Old Designator=R? New Designator=R9
Change Component Designator: Old Designator=R? New Designator=R10
Change Component Designator: Old Designator=RVAVDD? New Designator=RVAVDD1
Change Component Designator: Old Designator=RVBAT? New Designator=RVBAT1
Change Component Designator: Old Designator=RVDVDD? New Designator=RVDVDD1
Change Component Designator: Old Designator=RVSP? New Designator=RVSP1
