Change Component Designator: Old Designator=C1 New Designator=C?
Change Component Designator: Old Designator=C2 New Designator=C?
Change Component Designator: Old Designator=C3 New Designator=C?
Change Component Designator: Old Designator=C4 New Designator=C?
Change Component Designator: Old Designator=C5 New Designator=C?
Change Component Designator: Old Designator=C6 New Designator=C?
Change Component Designator: Old Designator=C7 New Designator=C?
Change Component Designator: Old Designator=C8 New Designator=C?
Change Component Designator: Old Designator=C9 New Designator=C?
Change Component Designator: Old Designator=C10 New Designator=C?
Change Component Designator: Old Designator=C11 New Designator=C?
Change Component Designator: Old Designator=C12 New Designator=C?
Change Component Designator: Old Designator=CW1 New Designator=CW?
Change Component Designator: Old Designator=CW2 New Designator=CW?
Change Component Designator: Old Designator=JM1 New Designator=JM?
Change Component Designator: Old Designator=JM2 New Designator=JM?
Change Component Designator: Old Designator=JM3 New Designator=JM?
Change Component Designator: Old Designator=JM4 New Designator=JM?
Change Component Designator: Old Designator=LW1 New Designator=LW?
Change Component Designator: Old Designator=PJ1 New Designator=PJ?
Change Component Designator: Old Designator=R11 New Designator=R?
Change Component Designator: Old Designator=RVREG1 New Designator=RVREG?
Change Component Designator: Old Designator=U1 New Designator=U?
Change Component Designator: Old Designator=YW1 New Designator=YW?
