Change Component Designator: Old Designator=ADC1 New Designator=ADC?
Change Component Designator: Old Designator=CC9 New Designator=CC?
Change Component Designator: Old Designator=CC10 New Designator=CC?
Change Component Designator: Old Designator=CC11 New Designator=CC?
Change Component Designator: Old Designator=CC12 New Designator=CC?
Change Component Designator: Old Designator=CC13 New Designator=CC?
Change Component Designator: Old Designator=CC14 New Designator=CC?
Change Component Designator: Old Designator=CC15 New Designator=CC?
Change Component Designator: Old Designator=CC16 New Designator=CC?
Change Component Designator: Old Designator=CC17 New Designator=CC?
Change Component Designator: Old Designator=CC18 New Designator=CC?
Change Component Designator: Old Designator=CC19 New Designator=CC?
Change Component Designator: Old Designator=CC20 New Designator=CC?
Change Component Designator: Old Designator=CC21 New Designator=CC?
Change Component Designator: Old Designator=CC22 New Designator=CC?
Change Component Designator: Old Designator=CC23 New Designator=CC?
Change Component Designator: Old Designator=CC24 New Designator=CC?
Change Component Designator: Old Designator=CC25 New Designator=CC?
Change Component Designator: Old Designator=PEL1 New Designator=PEL?
Change Component Designator: Old Designator=Q1 New Designator=Q?
Change Component Designator: Old Designator=R12 New Designator=R?
Change Component Designator: Old Designator=R21 New Designator=R?
Change Component Designator: Old Designator=R25 New Designator=R?
Change Component Designator: Old Designator=R26 New Designator=R?
Change Component Designator: Old Designator=R27 New Designator=R?
Change Component Designator: Old Designator=RJ1 New Designator=RJ?
Change Component Designator: Old Designator=RJ2 New Designator=RJ?
Change Component Designator: Old Designator=U2 New Designator=U?
