Change Component Designator: Old Designator=ADC? New Designator=ADC1
Change Component Designator: Old Designator=CC? New Designator=CC1
Change Component Designator: Old Designator=CC? New Designator=CC2
Change Component Designator: Old Designator=CC? New Designator=CC3
Change Component Designator: Old Designator=CC? New Designator=CC4
Change Component Designator: Old Designator=CC? New Designator=CC5
Change Component Designator: Old Designator=CC? New Designator=CC6
Change Component Designator: Old Designator=CC? New Designator=CC7
Change Component Designator: Old Designator=CC? New Designator=CC8
Change Component Designator: Old Designator=CC? New Designator=CC9
Change Component Designator: Old Designator=CC? New Designator=CC10
Change Component Designator: Old Designator=CC? New Designator=CC11
Change Component Designator: Old Designator=CC? New Designator=CC12
Change Component Designator: Old Designator=CC? New Designator=CC13
Change Component Designator: Old Designator=CC? New Designator=CC14
Change Component Designator: Old Designator=CC? New Designator=CC15
Change Component Designator: Old Designator=CC? New Designator=CC16
Change Component Designator: Old Designator=CC? New Designator=CC17
Change Component Designator: Old Designator=PEL? New Designator=PEL1
Change Component Designator: Old Designator=Q? New Designator=Q1
Change Component Designator: Old Designator=R? New Designator=R5
Change Component Designator: Old Designator=R? New Designator=R6
Change Component Designator: Old Designator=R? New Designator=R7
Change Component Designator: Old Designator=R? New Designator=R8
Change Component Designator: Old Designator=R? New Designator=R9
Change Component Designator: Old Designator=RJ? New Designator=RJ1
Change Component Designator: Old Designator=RJ? New Designator=RJ2
Change Component Designator: Old Designator=U? New Designator=U3
