Change Component Designator: Old Designator=ADC? New Designator=ADC2
Change Component Designator: Old Designator=CC? New Designator=CC18
Change Component Designator: Old Designator=CC? New Designator=CC19
Change Component Designator: Old Designator=CC? New Designator=CC20
Change Component Designator: Old Designator=CC? New Designator=CC21
Change Component Designator: Old Designator=CC? New Designator=CC22
Change Component Designator: Old Designator=CC? New Designator=CC23
Change Component Designator: Old Designator=CC? New Designator=CC24
Change Component Designator: Old Designator=CC? New Designator=CC25
Change Component Designator: Old Designator=CC? New Designator=CC26
Change Component Designator: Old Designator=CC? New Designator=CC27
Change Component Designator: Old Designator=CC? New Designator=CC28
Change Component Designator: Old Designator=CC? New Designator=CC29
Change Component Designator: Old Designator=CC? New Designator=CC30
Change Component Designator: Old Designator=CC? New Designator=CC31
Change Component Designator: Old Designator=CC? New Designator=CC32
Change Component Designator: Old Designator=CC? New Designator=CC33
Change Component Designator: Old Designator=CC? New Designator=CC34
Change Component Designator: Old Designator=JM? New Designator=JM7
Change Component Designator: Old Designator=JM? New Designator=JM8
Change Component Designator: Old Designator=PEL? New Designator=PEL2
Change Component Designator: Old Designator=R? New Designator=R10
