Change Component Designator: Old Designator=ADC2 New Designator=ADC?
Change Component Designator: Old Designator=CC5 New Designator=CC?
Change Component Designator: Old Designator=CC6 New Designator=CC?
Change Component Designator: Old Designator=CC7 New Designator=CC?
Change Component Designator: Old Designator=CC8 New Designator=CC?
Change Component Designator: Old Designator=CC26 New Designator=CC?
Change Component Designator: Old Designator=CC27 New Designator=CC?
Change Component Designator: Old Designator=CC28 New Designator=CC?
Change Component Designator: Old Designator=CC29 New Designator=CC?
Change Component Designator: Old Designator=CC30 New Designator=CC?
Change Component Designator: Old Designator=CC31 New Designator=CC?
Change Component Designator: Old Designator=CC32 New Designator=CC?
Change Component Designator: Old Designator=CC33 New Designator=CC?
Change Component Designator: Old Designator=CC34 New Designator=CC?
Change Component Designator: Old Designator=CC35 New Designator=CC?
Change Component Designator: Old Designator=CC36 New Designator=CC?
Change Component Designator: Old Designator=CC37 New Designator=CC?
Change Component Designator: Old Designator=CC38 New Designator=CC?
Change Component Designator: Old Designator=JM7 New Designator=JM?
Change Component Designator: Old Designator=JM8 New Designator=JM?
Change Component Designator: Old Designator=PEL2 New Designator=PEL?
Change Component Designator: Old Designator=R37 New Designator=R?
