Change Component Designator: Old Designator==Value? New Designator==Value1
Change Component Designator: Old Designator=CC? New Designator=CC35
Change Component Designator: Old Designator=CC? New Designator=CC36
Change Component Designator: Old Designator=CC? New Designator=CC37
Change Component Designator: Old Designator=CC? New Designator=CC38
Change Component Designator: Old Designator=CC? New Designator=CC39
Change Component Designator: Old Designator=CC? New Designator=CC40
Change Component Designator: Old Designator=CC? New Designator=CC41
Change Component Designator: Old Designator=CC? New Designator=CC42
Change Component Designator: Old Designator=CONN_BAT? New Designator=CONN_BAT1
Change Component Designator: Old Designator=CONN_P_S? New Designator=CONN_P_S1
Change Component Designator: Old Designator=CP? New Designator=CP1
Change Component Designator: Old Designator=L? New Designator=L4
Change Component Designator: Old Designator=L? New Designator=L5
Change Component Designator: Old Designator=P? New Designator=P1
Change Component Designator: Old Designator=PW? New Designator=PW1
Change Component Designator: Old Designator=PW? New Designator=PW2
Change Component Designator: Old Designator=R? New Designator=R11
Change Component Designator: Old Designator=R? New Designator=R12
Change Component Designator: Old Designator=R? New Designator=R13
Change Component Designator: Old Designator=R? New Designator=R14
Change Component Designator: Old Designator=R? New Designator=R15
Change Component Designator: Old Designator=R? New Designator=R16
Change Component Designator: Old Designator=R? New Designator=R17
Change Component Designator: Old Designator=R? New Designator=R18
Change Component Designator: Old Designator=R? New Designator=R19
Change Component Designator: Old Designator=R? New Designator=R20
Change Component Designator: Old Designator=RVAVDD? New Designator=RVAVDD1
Change Component Designator: Old Designator=RVBAT? New Designator=RVBAT1
Change Component Designator: Old Designator=RVDVDD? New Designator=RVDVDD1
Change Component Designator: Old Designator=RVSP? New Designator=RVSP1
