Change Component Designator: Old Designator==Value New Designator==Value?
Change Component Designator: Old Designator=CC1 New Designator=CC?
Change Component Designator: Old Designator=CC2 New Designator=CC?
Change Component Designator: Old Designator=CC3 New Designator=CC?
Change Component Designator: Old Designator=CC4 New Designator=CC?
Change Component Designator: Old Designator=CC22 New Designator=CC?
Change Component Designator: Old Designator=CC23 New Designator=CC?
Change Component Designator: Old Designator=CC24 New Designator=CC?
Change Component Designator: Old Designator=CC25 New Designator=CC?
Change Component Designator: Old Designator=CONN_BAT New Designator=CONN_BAT?
Change Component Designator: Old Designator=CONN_P_S New Designator=CONN_P_S?
Change Component Designator: Old Designator=CP1 New Designator=CP?
Change Component Designator: Old Designator=L1 New Designator=L?
Change Component Designator: Old Designator=L2 New Designator=L?
Change Component Designator: Old Designator=P1 New Designator=P?
Change Component Designator: Old Designator=PW1 New Designator=PW?
Change Component Designator: Old Designator=PW2 New Designator=PW?
Change Component Designator: Old Designator=R6 New Designator=R?
Change Component Designator: Old Designator=R9 New Designator=R?
Change Component Designator: Old Designator=R11 New Designator=R?
Change Component Designator: Old Designator=R12 New Designator=R?
Change Component Designator: Old Designator=R13 New Designator=R?
Change Component Designator: Old Designator=R20 New Designator=R?
Change Component Designator: Old Designator=R24 New Designator=R?
Change Component Designator: Old Designator=R27 New Designator=R?
Change Component Designator: Old Designator=R30 New Designator=R?
Change Component Designator: Old Designator=R33 New Designator=R?
Change Component Designator: Old Designator=RVAVDD New Designator=RVAVDD?
Change Component Designator: Old Designator=RVBAT New Designator=RVBAT?
Change Component Designator: Old Designator=RVDVDD New Designator=RVDVDD?
Change Component Designator: Old Designator=RVSP New Designator=RVSP?
