Removed Pin From Net: NetName=NetPW1_8 Pin=R1-1
Removed Pin From Net: NetName=NetPW1_7 Pin=R1-2
Removed Pin From Net: NetName=NetPW1_8 Pin=R2-1
Removed Pin From Net: NetName=NetPW1_10 Pin=R2-2
Removed Pin From Net: NetName=NetPW1_8 Pin=R3-1
Removed Pin From Net: NetName=NetPW1_12 Pin=R3-2
Removed Member From Class: ClassName=02_NRF52832 Member=A2
Added Component: Designator=R6(0402)
Added Component: Designator=R9(0402)
Added Component: Designator=R20(0402)
Added Pin To Net: NetName=DVDD Pin=R1-1
Added Pin To Net: NetName=BME_DVDD Pin=R1-2
Added Pin To Net: NetName=DVDD Pin=R2-1
Added Pin To Net: NetName=MLIMU_DVDD Pin=R2-2
Added Pin To Net: NetName=DVDD Pin=R3-1
Added Pin To Net: NetName=MIC_DVDD Pin=R3-2
Added Pin To Net: NetName=NetPW1_8 Pin=R1-1
Added Pin To Net: NetName=NetPW1_7 Pin=R1-2
Added Pin To Net: NetName=NetPW1_8 Pin=R2-1
Added Pin To Net: NetName=NetPW1_10 Pin=R2-2
Added Pin To Net: NetName=NetPW1_8 Pin=R3-1
Added Pin To Net: NetName=NetPW1_12 Pin=R3-2
Added Member To Class: ClassName=02_NRF52832 Member=Component A1 FR05-S1-N-0-102
Added Member To Class: ClassName=05_POWER Member=Component R9 1M24
