Removed Pin From Net: NetName=AVDD Pin=ADC2-19
Removed Pin From Net: NetName=AVDD Pin=ADC2-21
Removed Pin From Net: NetName=AVDD Pin=ADC2-22
Removed Pin From Net: NetName=AVDD Pin=ADC2-54
Removed Pin From Net: NetName=AVDD Pin=ADC2-56
Removed Pin From Net: NetName=AVDD Pin=ADC2-59
Removed Pin From Net: NetName=AVDD Pin=CC18-2
Removed Pin From Net: NetName=AVDD Pin=CC19-2
Removed Pin From Net: NetName=AVDD Pin=CC20-2
Removed Pin From Net: NetName=AVDD Pin=CC21-2
Removed Pin From Net: NetName=AVDD Pin=CC25-2
Removed Pin From Net: NetName=AVDD Pin=CC26-2
Removed Pin From Net: NetName=AVDD Pin=CC27-2
Removed Pin From Net: NetName=SP_IN Pin=CONN_P_S1-1
Removed Pin From Net: NetName=DGND Pin=CONN_P_S1-2
Removed Pin From Net: NetName=P0.07 Pin=JM3-1
Removed Pin From Net: NetName=P0.08 Pin=JM4-1
Removed Pin From Net: NetName=AVDD Pin=PEL2-2
Removed Member From Class: ClassName=05_POWER Member=CONN_P_S1
Added Component: Designator=CP2(0402)
Add component. Clean all parameters for all variants
Add component (AddParameter): Name = "LatestRevisionDate"; Value = "29-May-2009"; VariantName = "[No Variations]"
Add component (AddParameter): Name = "LatestRevisionNote"; Value = "IPC-7351 Footprint Added."; VariantName = "[No Variations]"
Add component (AddParameter): Name = "PackageDescription"; Value = "Chip Capacitor"; VariantName = "[No Variations]"
Add component (AddParameter): Name = "PackageReference"; Value = "C1206"; VariantName = "[No Variations]"
Add component (AddParameter): Name = "Published"; Value = "8-Jun-2000"; VariantName = "[No Variations]"
Add component (AddParameter): Name = "Publisher"; Value = "Altium Limited"; VariantName = "[No Variations]"
Add component (AddParameter): Name = "Value"; Value = "1uF"; VariantName = "[No Variations]"
Added Component: Designator=J2(MICRO-USB(2.0-SMT-TYPE-B) Combo)
Add component. Clean all parameters for all variants
Add component (AddParameter): Name = "Datasheet Link"; Value = "https://componentsearchengine.com/Datasheets/1/629105136821.pdf"; VariantName = "[No Variations]"
Add component (AddParameter): Name = "Manufacturer_Name"; Value = "Wurth Elektronik"; VariantName = "[No Variations]"
Add component (AddParameter): Name = "Manufacturer_Part_Number"; Value = "629105136821"; VariantName = "[No Variations]"
Add component (AddParameter): Name = "Mouser2 Part Number"; Value = "710-629105136821"; VariantName = "[No Variations]"
Add component (AddParameter): Name = "Mouser2 Price/Stock"; Value = "https://www.mouser.com/Search/Refine.aspx?Keyword=710-629105136821"; VariantName = "[No Variations]"
Added Component: Designator=JM9(UJMPR)
Add component. Clean all parameters for all variants
Added Component: Designator=JM10(UJMPR)
Add component. Clean all parameters for all variants
Added Component: Designator=JM11(UJMPR)
Add component. Clean all parameters for all variants
Added Component: Designator=R25(J1-0603)
Add component. Clean all parameters for all variants
Add component (AddParameter): Name = "LatestRevisionDate"; Value = "29-May-2009"; VariantName = "[No Variations]"
Add component (AddParameter): Name = "LatestRevisionNote"; Value = "IPC-7351 Footprint Added."; VariantName = "[No Variations]"
Add component (AddParameter): Name = "PackageDescription"; Value = "Chip Resistor"; VariantName = "[No Variations]"
Add component (AddParameter): Name = "PackageReference"; Value = "J1-0603"; VariantName = "[No Variations]"
Add component (AddParameter): Name = "Published"; Value = "8-Jun-2000"; VariantName = "[No Variations]"
Add component (AddParameter): Name = "Publisher"; Value = "Altium Limited"; VariantName = "[No Variations]"
Add component (AddParameter): Name = "Value"; Value = "33R"; VariantName = "[No Variations]"
Added Component: Designator=RVAVDD2(J1-0603)
Add component. Clean all parameters for all variants
Add component (AddParameter): Name = "LatestRevisionDate"; Value = "29-May-2009"; VariantName = "[No Variations]"
Add component (AddParameter): Name = "LatestRevisionNote"; Value = "IPC-7351 Footprint Added."; VariantName = "[No Variations]"
Add component (AddParameter): Name = "PackageDescription"; Value = "Chip Resistor"; VariantName = "[No Variations]"
Add component (AddParameter): Name = "PackageReference"; Value = "J1-0603"; VariantName = "[No Variations]"
Add component (AddParameter): Name = "Published"; Value = "8-Jun-2000"; VariantName = "[No Variations]"
Add component (AddParameter): Name = "Publisher"; Value = "Altium Limited"; VariantName = "[No Variations]"
Add component (AddParameter): Name = "Value"; Value = "1"; VariantName = "[No Variations]"
Added Component: Designator=U6(MIC-PACK_MP34DT05-A(Primary))
Add component. Clean all parameters for all variants
Add component (AddParameter): Name = "Availability"; Value = "Unavailable"; VariantName = "[No Variations]"
Add component (AddParameter): Name = "MF"; Value = "STMicroelectronics"; VariantName = "[No Variations]"
Add component (AddParameter): Name = "MP"; Value = "MP34DT05-A"; VariantName = "[No Variations]"
Add component (AddParameter): Name = "Package"; Value = "None"; VariantName = "[No Variations]"
Add component (AddParameter): Name = "Price"; Value = "None"; VariantName = "[No Variations]"
Add component (AddParameter): Name = "SnapEDA_Link"; Value = "https://www.snapeda.com/parts/MP34DT05-A/STMicroelectronics/view-part/?ref=snap"; VariantName = "[No Variations]"
Add component (AddParameter): Name = "Value"; Value = ""; VariantName = "[No Variations]"
Added Pin To Net: NetName=AGND Pin=CP2-1
Added Pin To Net: NetName=DGND Pin=J2-5
Added Pin To Net: NetName=P0.07 Pin=JM3-2
Added Pin To Net: NetName=P0.08 Pin=JM4-2
Added Pin To Net: NetName=P0.27 Pin=JM9-2
Added Pin To Net: NetName=P0.25 Pin=JM10-2
Added Pin To Net: NetName=P0.26 Pin=JM11-2
Added Pin To Net: NetName=P0.17 Pin=P1-3
Added Pin To Net: NetName=REF1.5V Pin=PEL2-3
Added Pin To Net: NetName=SP_IN Pin=R25-2
Added Pin To Net: NetName=P0.24 Pin=U1-19
Added Pin To Net: NetName=P0.25 Pin=U6-CLK
Added Pin To Net: NetName=P0.27 Pin=U6-DOUT
Added Pin To Net: NetName=DGND Pin=U6-GND1
Added Pin To Net: NetName=DGND Pin=U6-GND2
Added Pin To Net: NetName=DGND Pin=U6-GND3
Added Pin To Net: NetName=DGND Pin=U6-GND
Added Pin To Net: NetName=DGND Pin=U6-LR
Added Pin To Net: NetName=MIC_DVDD Pin=U6-VDD
Change Net Name : Old Net Name=AVDD New Net Name=AVDD_A
Change Net Name : Old Net Name=AVDD_OUT New Net Name=AVDD_OUT_A
Change Net Name : Old Net Name=CAM.HSYNC New Net Name=P0.20
Change Net Name : Old Net Name=CAM.PCLK New Net Name=P0.19
Change Net Name : Old Net Name=CAM.VSYNC New Net Name=IN_CS_ADC_B
Change Net Name : Old Net Name=REF1.5V New Net Name=ADC_A_REF1.5V
Added Pin To Net: NetName=AVDD_B Pin=ADC2-19
Added Pin To Net: NetName=AVDD_B Pin=ADC2-21
Added Pin To Net: NetName=AVDD_B Pin=ADC2-22
Added Pin To Net: NetName=AVDD_B Pin=ADC2-54
Added Pin To Net: NetName=AVDD_B Pin=ADC2-56
Added Pin To Net: NetName=AVDD_B Pin=ADC2-59
Added Pin To Net: NetName=AVDD_B Pin=CC18-2
Added Pin To Net: NetName=AVDD_B Pin=CC19-2
Added Pin To Net: NetName=AVDD_B Pin=CC20-2
Added Pin To Net: NetName=AVDD_B Pin=CC21-2
Added Pin To Net: NetName=AVDD_B Pin=CC25-2
Added Pin To Net: NetName=AVDD_B Pin=CC26-2
Added Pin To Net: NetName=AVDD_B Pin=CC27-2
Added Pin To Net: NetName=AVDD_B Pin=PEL2-2
Added Pin To Net: NetName=AVDD_B Pin=RVAVDD2-2
Added Net: Name=AVDD_B
Added Pin To Net: NetName=AVDD_OUT_B Pin=CP2-2
Added Pin To Net: NetName=AVDD_OUT_B Pin=RVAVDD2-1
Added Net: Name=AVDD_OUT_B
Added Pin To Net: NetName=NetJ2_1 Pin=J2-1
Added Pin To Net: NetName=NetJ2_1 Pin=R25-1
Added Net: Name=NetJ2_1
Added Pin To Net: NetName=W_ACC1_INT1 Pin=JM3-1
Added Pin To Net: NetName=W_ACC1_INT1 Pin=U1-23
Added Net: Name=W_ACC1_INT1
Added Pin To Net: NetName=W_ACC1_INT2 Pin=JM4-1
Added Pin To Net: NetName=W_ACC1_INT2 Pin=U1-24
Added Net: Name=W_ACC1_INT2
Added Pin To Net: NetName=W_MIC_DOUT Pin=JM9-1
Added Pin To Net: NetName=W_MIC_DOUT Pin=U1-22
Added Net: Name=W_MIC_DOUT
Added Pin To Net: NetName=W_P18 Pin=JM10-1
Added Pin To Net: NetName=W_P18 Pin=U1-21
Added Net: Name=W_P18
Added Pin To Net: NetName=W_SDOBME Pin=JM11-1
Added Pin To Net: NetName=W_SDOBME Pin=U1-20
Added Net: Name=W_SDOBME
Added Member To Class: ClassName=05_POWER Member=Component CP2 1uF
Added Member To Class: ClassName=05_POWER Member=Component J2 USBCONNCOMBO
Added Member To Class: ClassName=01_MRWOLF Member=Component JM9 uJumper
Added Member To Class: ClassName=01_MRWOLF Member=Component JM10 uJumper
Added Member To Class: ClassName=01_MRWOLF Member=Component JM11 uJumper
Added Member To Class: ClassName=05_POWER Member=Component R25 Res3
Added Member To Class: ClassName=05_POWER Member=Component RVAVDD2 1
Added Member To Class: ClassName=06_SENSORS Member=Component U6 MP34DT05-A
